<?xml version="1.0" encoding="UTF-8"?>
<!-- Generated by org.testng.reporters.JUnitReportReporter -->
<testsuite hostname="RED_HUNT" name="TestClasses.WalmartLabsTest" tests="5" failures="0" timestamp="7 Dec 2015 19:37:18 GMT" time="429.249" errors="0">
  <testcase name="testWalmartAutomation" time="74.312" classname="TestClasses.WalmartLabsTest"/>
  <testcase name="testWalmartAutomation" time="126.184" classname="TestClasses.WalmartLabsTest"/>
  <testcase name="testWalmartAutomation" time="90.182" classname="TestClasses.WalmartLabsTest"/>
  <testcase name="testWalmartAutomation" time="64.955" classname="TestClasses.WalmartLabsTest"/>
  <testcase name="testWalmartAutomation" time="73.616" classname="TestClasses.WalmartLabsTest"/>
</testsuite> <!-- TestClasses.WalmartLabsTest -->
